<?xml version="1.0" encoding="UTF-8"?>
<testng-results ignored="0" total="1" passed="1" failed="0" skipped="0">
  <reporter-output>
  </reporter-output>
  <suite started-at="2026-06-17T10:04:13 IST" name="Default suite" finished-at="2026-06-17T10:04:13 IST" duration-ms="57">
    <groups>
    </groups>
    <test started-at="2026-06-17T10:04:13 IST" name="Default test" finished-at="2026-06-17T10:04:13 IST" duration-ms="57">
      <class name="mavenParameter.MavenParameterDemo">
        <test-method signature="parameterDemo()[pri:0, instance:mavenParameter.MavenParameterDemo@576d5deb]" started-at="2026-06-17T10:04:13 IST" name="parameterDemo" finished-at="2026-06-17T10:04:13 IST" duration-ms="11" status="PASS">
          <reporter-output>
          </reporter-output>
        </test-method> <!-- parameterDemo -->
      </class> <!-- mavenParameter.MavenParameterDemo -->
    </test> <!-- Default test -->
  </suite> <!-- Default suite -->
</testng-results>
